2023-10-31 02:12:24,011 - auth - INFO - User admin logged in
2023-10-31 02:14:14,952 - auth - INFO - User admin logged out
2023-11-01 02:04:22,233 - auth - INFO - User admin logged in
2023-11-01 03:05:05,782 - auth - INFO - User admin logged in
2023-11-01 10:11:45,542 - auth - INFO - User admin logged in
2023-11-01 10:12:54,056 - auth - INFO - User admin logged in
2023-11-01 10:13:23,825 - auth - INFO - User admin logged in
2023-11-01 10:16:43,936 - auth - INFO - User admin logged in
2023-11-01 10:24:44,901 - auth - INFO - User admin logged in
2023-11-01 10:27:38,553 - auth - INFO - User admin logged in
2023-11-01 10:28:46,260 - auth - INFO - User admin logged in
2023-11-01 10:29:51,733 - auth - INFO - User admin logged in
2023-11-01 10:30:41,065 - auth - INFO - User admin logged in
2023-11-01 10:30:55,167 - auth - INFO - User admin logged out
2023-11-01 10:31:51,391 - auth - INFO - User admin logged in
2023-11-01 10:34:03,450 - auth - INFO - User admin logged out
2023-11-01 10:34:23,196 - auth - INFO - User admin logged in
2023-11-01 10:34:52,762 - auth - INFO - User admin logged out
2023-11-01 10:38:37,341 - auth - INFO - User admin logged in
2023-11-01 10:39:05,246 - auth - INFO - User admin logged out
2023-11-01 22:31:03,051 - auth - INFO - User admin logged in
2023-11-02 00:00:47,374 - auth - INFO - User admin logged in
2023-11-02 00:17:56,017 - auth - INFO - User admin logged in
2023-11-02 00:29:57,421 - auth - INFO - User admin logged in
2023-11-02 00:35:29,434 - auth - INFO - User admin created
2023-11-02 00:35:35,142 - auth - INFO - User admin logged in
2023-11-02 01:53:15,635 - auth - INFO - User admin logged in
2023-11-02 02:38:45,390 - auth - INFO - User admin logged in
2023-11-02 02:51:57,476 - auth - INFO - User admin logged in
2023-11-02 09:51:11,640 - auth - INFO - User admin logged in
2023-11-02 09:54:45,022 - auth - INFO - User admin logged in
2023-11-02 09:57:10,648 - auth - INFO - User admin logged in
2023-11-02 10:27:30,222 - auth - INFO - User admin logged in
2023-11-02 11:01:19,079 - auth - INFO - User admin logged in
2023-11-02 11:04:40,043 - auth - INFO - User admin logged in
2023-11-02 11:05:32,276 - auth - INFO - User admin logged in
2023-11-02 11:10:15,883 - auth - INFO - User admin logged in
2023-11-02 11:30:05,688 - auth - INFO - User admin logged in
2023-11-02 11:40:02,941 - auth - INFO - User devsapariya created
2023-11-02 11:41:46,426 - auth - INFO - User chitt created
2023-11-02 11:43:32,344 - auth - INFO - User chitt1 created
2023-11-02 12:25:31,587 - auth - INFO - User admin logged in
2023-11-02 12:28:38,346 - auth - INFO - User admin logged in
2023-11-02 12:44:35,310 - auth - INFO - User admin logged out
2023-11-02 12:45:53,511 - auth - INFO - User admin logged out
2023-11-02 12:46:32,618 - auth - INFO - User admin logged in
2023-11-02 12:47:06,568 - auth - INFO - User admin logged out
2023-11-02 13:05:59,809 - auth - INFO - User janil created
2023-11-02 13:43:25,398 - auth - INFO - User janil logged in
2023-11-02 13:48:57,161 - auth - INFO - User janil logged in
