2023-11-01 02:22:27,696 - follow_unfollow_logger - INFO - User admin added rohitsharma45 to instagram following
2023-11-01 02:28:55,879 - follow_unfollow_logger - INFO - User admin added ThinkSchool to youtube following
2023-11-01 02:31:38,291 - follow_unfollow_logger - INFO - User admin added @ThinkSchool to youtube following
2023-11-01 02:54:15,112 - follow_unfollow_logger - INFO - User admin added Think School to youtube following
2023-11-01 02:57:41,864 - follow_unfollow_logger - INFO - User admin added Think School to youtube following
2023-11-01 03:06:20,715 - follow_unfollow_logger - INFO - User admin added 100xEngineers to youtube following
2023-11-01 03:13:42,740 - follow_unfollow_logger - INFO - User admin added 100xEngineers to youtube following
2023-11-01 22:32:14,088 - follow_unfollow_logger - INFO - User admin added indiancricketteam to instagram following
2023-11-01 22:32:32,748 - follow_unfollow_logger - INFO - User admin added virat.kohli to instagram following
2023-11-01 22:33:41,556 - follow_unfollow_logger - INFO - User admin added  Overpowered ai to youtube following
2023-11-01 22:34:14,647 - follow_unfollow_logger - INFO - User admin added Nikhil Kamath to youtube following
2023-11-02 00:01:10,019 - follow_unfollow_logger - INFO - User admin added sachintendulkar to instagram following
2023-11-02 00:38:27,597 - follow_unfollow_logger - INFO - User admin added rohitsharma45 to instagram following
2023-11-02 00:38:48,179 - follow_unfollow_logger - INFO - User admin added indiancricketteam to instagram following
2023-11-02 00:40:03,037 - follow_unfollow_logger - INFO - User admin added Nikhil Kamath to youtube following
2023-11-02 00:40:27,757 - follow_unfollow_logger - INFO - User admin added Think School to youtube following
2023-11-02 00:40:35,583 - follow_unfollow_logger - INFO - User admin added virat.kohli to instagram following
2023-11-02 00:40:53,392 - follow_unfollow_logger - INFO - User admin added Overpowered ai to youtube following
2023-11-02 10:28:08,062 - follow_unfollow_logger - INFO - User admin added shreyshah173 to instagram following
2023-11-02 10:28:43,839 - follow_unfollow_logger - INFO - User admin added code with harry to youtube following
2023-11-02 11:55:01,894 - follow_unfollow_logger - INFO - User chitt1 added rohitsharma45 to instagram following
2023-11-02 11:57:11,398 - follow_unfollow_logger - INFO - User chitt1 added think school to youtube following
2023-11-02 13:07:00,999 - follow_unfollow_logger - INFO - User janil added googleindia to instagram following
2023-11-02 13:07:37,360 - follow_unfollow_logger - INFO - User janil added webdev simplified to youtube following
2023-11-02 13:12:21,069 - follow_unfollow_logger - INFO - User janil added indiancricketteam to instagram following
2023-11-02 13:13:16,200 - follow_unfollow_logger - INFO - User janil added 100xengineers to instagram following
2023-11-02 13:16:08,264 - follow_unfollow_logger - INFO - User janil added mortal to youtube following
2023-11-02 13:30:29,446 - follow_unfollow_logger - INFO - User janil added 100xengineers to instagram following
2023-11-02 13:31:30,892 - follow_unfollow_logger - INFO - User janil added googleindia to instagram following
2023-11-02 13:44:20,804 - follow_unfollow_logger - INFO - User janil added code with harry to youtube following
2023-11-02 13:44:49,390 - follow_unfollow_logger - INFO - User janil added warikoo to youtube following
